Using pre-set license
Built from '2021.3/staging' branch; Version is '2021.3.19f1 (c9714fde33b6) revision 13201743'; Using compiler version '192829333'; Build Type 'Release'
OS: 'Windows 10  (10.0.19045) 64bit Enterprise' Language: 'en' Physical Memory: 16230 MB
BatchMode: 1, IsHumanControllingUs: 0, StartBugReporterOnCrash: 0, Is64bit: 1, IsPro: 1

COMMAND LINE ARGUMENTS:
C:\Program Files\Unity\Hub\Editor\2021.3.19f1\Editor\Unity.exe
-adb2
-batchMode
-noUpm
-name
AssetImportWorker4
-projectPath
C:/Users/User/Documents/GitHub/group-7
-logFile
Logs/AssetImportWorker4.log
-srvPort
52308
Successfully changed project path to: C:/Users/User/Documents/GitHub/group-7
C:/Users/User/Documents/GitHub/group-7
[UnityMemory] Configuration Parameters - Can be set up in boot.config
    "memorysetup-bucket-allocator-granularity=16"
    "memorysetup-bucket-allocator-bucket-count=8"
    "memorysetup-bucket-allocator-block-size=33554432"
    "memorysetup-bucket-allocator-block-count=8"
    "memorysetup-main-allocator-block-size=16777216"
    "memorysetup-thread-allocator-block-size=16777216"
    "memorysetup-gfx-main-allocator-block-size=16777216"
    "memorysetup-gfx-thread-allocator-block-size=16777216"
    "memorysetup-cache-allocator-block-size=4194304"
    "memorysetup-typetree-allocator-block-size=2097152"
    "memorysetup-profiler-bucket-allocator-granularity=16"
    "memorysetup-profiler-bucket-allocator-bucket-count=8"
    "memorysetup-profiler-bucket-allocator-block-size=33554432"
    "memorysetup-profiler-bucket-allocator-block-count=8"
    "memorysetup-profiler-allocator-block-size=16777216"
    "memorysetup-profiler-editor-allocator-block-size=1048576"
    "memorysetup-temp-allocator-size-main=16777216"
    "memorysetup-job-temp-allocator-block-size=2097152"
    "memorysetup-job-temp-allocator-block-size-background=1048576"
    "memorysetup-job-temp-allocator-reduction-small-platforms=262144"
    "memorysetup-temp-allocator-size-background-worker=32768"
    "memorysetup-temp-allocator-size-job-worker=262144"
    "memorysetup-temp-allocator-size-preload-manager=33554432"
    "memorysetup-temp-allocator-size-nav-mesh-worker=65536"
    "memorysetup-temp-allocator-size-audio-worker=65536"
    "memorysetup-temp-allocator-size-cloud-worker=32768"
    "memorysetup-temp-allocator-size-gi-baking-worker=262144"
    "memorysetup-temp-allocator-size-gfx=262144"
Player connection [19912] Host "[IP] 158.132.53.85 [Port] 0 [Flags] 2 [Guid] 3850630309 [EditorId] 3850630309 [Version] 1048832 [Id] WindowsEditor(7,513-10) [Debug] 1 [PackageName] WindowsEditor [ProjectName] Editor" joined multi-casting on [225.0.0.222:54997]...

Player connection [19912] Host "[IP] 158.132.53.85 [Port] 0 [Flags] 2 [Guid] 3850630309 [EditorId] 3850630309 [Version] 1048832 [Id] WindowsEditor(7,513-10) [Debug] 1 [PackageName] WindowsEditor [ProjectName] Editor" joined alternative multi-casting on [225.0.0.222:34997]...

Refreshing native plugins compatible for Editor in 91.37 ms, found 12 plugins.
Preloading 1 native plugins for Editor in 0.46 ms.
Initialize engine version: 2021.3.19f1 (c9714fde33b6)
[Subsystems] Discovering subsystems at path C:/Program Files/Unity/Hub/Editor/2021.3.19f1/Editor/Data/Resources/UnitySubsystems
[Subsystems] Discovering subsystems at path C:/Users/User/Documents/GitHub/group-7/Assets
GfxDevice: creating device client; threaded=0; jobified=0
Direct3D:
    Version:  Direct3D 11.0 [level 11.1]
    Renderer: NVIDIA Quadro P2000 (ID=0x1c30)
    Vendor:   NVIDIA
    VRAM:     5032 MB
    Driver:   30.0.14.7298
Initialize mono
Mono path[0] = 'C:/Program Files/Unity/Hub/Editor/2021.3.19f1/Editor/Data/Managed'
Mono path[1] = 'C:/Program Files/Unity/Hub/Editor/2021.3.19f1/Editor/Data/MonoBleedingEdge/lib/mono/unityjit-win32'
Mono config path = 'C:/Program Files/Unity/Hub/Editor/2021.3.19f1/Editor/Data/MonoBleedingEdge/etc'
Using monoOptions --debugger-agent=transport=dt_socket,embedding=1,server=y,suspend=n,address=127.0.0.1:56908
Begin MonoManager ReloadAssembly
Registering precompiled unity dll's ...
Register platform support module: C:/Program Files/Unity/Hub/Editor/2021.3.19f1/Editor/Data/PlaybackEngines/AndroidPlayer/UnityEditor.Android.Extensions.dll
Register platform support module: C:/Program Files/Unity/Hub/Editor/2021.3.19f1/Editor/Data/PlaybackEngines/WindowsStandaloneSupport/UnityEditor.WindowsStandalone.Extensions.dll
Registered in 0.003684 seconds.
Native extension for WindowsStandalone target not found
Native extension for Android target not found
Refreshing native plugins compatible for Editor in 83.18 ms, found 12 plugins.
Preloading 1 native plugins for Editor in 0.05 ms.
Mono: successfully reloaded assembly
- Completed reload, in  0.558 seconds
Domain Reload Profiling:
	ReloadAssembly (559ms)
		BeginReloadAssembly (58ms)
			ExecutionOrderSort (0ms)
			DisableScriptedObjects (0ms)
			BackupInstance (0ms)
			ReleaseScriptingObjects (0ms)
			CreateAndSetChildDomain (1ms)
		EndReloadAssembly (410ms)
			LoadAssemblies (58ms)
			RebuildTransferFunctionScriptingTraits (0ms)
			SetupTypeCache (97ms)
			ReleaseScriptCaches (0ms)
			RebuildScriptCaches (23ms)
			SetupLoadedEditorAssemblies (248ms)
				LogAssemblyErrors (0ms)
				InitializePlatformSupportModulesInManaged (46ms)
				SetLoadedEditorAssemblies (0ms)
				RefreshPlugins (83ms)
				BeforeProcessingInitializeOnLoad (1ms)
				ProcessInitializeOnLoadAttributes (79ms)
				ProcessInitializeOnLoadMethodAttributes (38ms)
				AfterProcessingInitializeOnLoad (0ms)
				EditorAssembliesLoaded (0ms)
			ExecutionOrderSort2 (0ms)
			AwakeInstancesAfterBackupRestoration (0ms)
Platform modules already initialized, skipping
Registering precompiled user dll's ...
Registered in 0.005153 seconds.
Begin MonoManager ReloadAssembly
Symbol file LoadedFromMemory doesn't match image C:\Users\User\Documents\GitHub\group-7\Library\PackageCache\com.unity.visualscripting@1.8.0\Editor\VisualScripting.Core\Dependencies\DotNetZip\Unity.VisualScripting.IonicZip.dll
Symbol file LoadedFromMemory doesn't match image C:\Users\User\Documents\GitHub\group-7\Library\PackageCache\com.unity.visualscripting@1.8.0\Editor\VisualScripting.Core\Dependencies\YamlDotNet\Unity.VisualScripting.YamlDotNet.dll
Native extension for WindowsStandalone target not found
Native extension for Android target not found
Refreshing native plugins compatible for Editor in 81.52 ms, found 12 plugins.
Preloading 1 native plugins for Editor in 0.05 ms.
Package Manager log level set to [2]
System.Reflection.TargetInvocationException: Exception has been thrown by the target of an invocation. ---> System.NullReferenceException: Object reference not set to an instance of an object
  at Unity.XR.Oculus.OculusLoader.AssetPathToAbsolutePath (System.String assetPath) [0x0003d] in C:\Users\User\Documents\GitHub\group-7\Library\PackageCache\com.unity.xr.oculus@3.2.2\Runtime\OculusLoader.cs:296 
  at Unity.XR.Oculus.OculusLoader.EditorLoadOVRPlugin () [0x0007b] in C:\Users\User\Documents\GitHub\group-7\Library\PackageCache\com.unity.xr.oculus@3.2.2\Runtime\OculusLoader.cs:281 
  at (wrapper managed-to-native) System.Reflection.RuntimeMethodInfo.InternalInvoke(System.Reflection.RuntimeMethodInfo,object,object[],System.Exception&)
  at System.Reflection.RuntimeMethodInfo.Invoke (System.Object obj, System.Reflection.BindingFlags invokeAttr, System.Reflection.Binder binder, System.Object[] parameters, System.Globalization.CultureInfo culture) [0x0006a] in <03bd9b261dff4c2b8b568aca27f561b2>:0 
   --- End of inner exception stack trace ---
  at System.Reflection.RuntimeMethodInfo.Invoke (System.Object obj, System.Reflection.BindingFlags invokeAttr, System.Reflection.Binder binder, System.Object[] parameters, System.Globalization.CultureInfo culture) [0x00083] in <03bd9b261dff4c2b8b568aca27f561b2>:0 
  at System.Reflection.MethodBase.Invoke (System.Object obj, System.Object[] parameters) [0x00000] in <03bd9b261dff4c2b8b568aca27f561b2>:0 
  at UnityEditor.EditorAssemblies.ProcessInitializeOnLoadMethodAttributes () [0x000a5] in <7fef092428a04dc89d2aa6ad3ce5d856>:0 
UnityEngine.StackTraceUtility:ExtractStackTrace ()
UnityEngine.DebugLogHandler:LogFormat (UnityEngine.LogType,UnityEngine.Object,string,object[])
UnityEngine.Logger:Log (UnityEngine.LogType,object)
UnityEngine.Debug:LogError (object)
UnityEditor.EditorAssemblies:ProcessInitializeOnLoadMethodAttributes ()

Mono: successfully reloaded assembly
- Completed reload, in  1.047 seconds
Domain Reload Profiling:
	ReloadAssembly (1047ms)
		BeginReloadAssembly (93ms)
			ExecutionOrderSort (0ms)
			DisableScriptedObjects (5ms)
			BackupInstance (0ms)
			ReleaseScriptingObjects (0ms)
			CreateAndSetChildDomain (17ms)
		EndReloadAssembly (856ms)
			LoadAssemblies (69ms)
			RebuildTransferFunctionScriptingTraits (0ms)
			SetupTypeCache (252ms)
			ReleaseScriptCaches (1ms)
			RebuildScriptCaches (48ms)
			SetupLoadedEditorAssemblies (447ms)
				LogAssemblyErrors (0ms)
				InitializePlatformSupportModulesInManaged (13ms)
				SetLoadedEditorAssemblies (0ms)
				RefreshPlugins (82ms)
				BeforeProcessingInitializeOnLoad (76ms)
				ProcessInitializeOnLoadAttributes (249ms)
				ProcessInitializeOnLoadMethodAttributes (24ms)
				AfterProcessingInitializeOnLoad (3ms)
				EditorAssembliesLoaded (0ms)
			ExecutionOrderSort2 (0ms)
			AwakeInstancesAfterBackupRestoration (5ms)
Platform modules already initialized, skipping
========================================================================
Worker process is ready to serve import requests
Launched and connected shader compiler UnityShaderCompiler.exe after 0.04 seconds
Refreshing native plugins compatible for Editor in 0.76 ms, found 12 plugins.
Preloading 1 native plugins for Editor in 0.05 ms.
Unloading 3671 Unused Serialized files (Serialized files now loaded: 0)
Unloading 51 unused Assets / (85.0 KB). Loaded Objects now: 4112.
Memory consumption went from 129.9 MB to 129.8 MB.
Total: 3.098100 ms (FindLiveObjects: 0.266300 ms CreateObjectMapping: 0.137000 ms MarkObjects: 2.603700 ms  DeleteObjects: 0.090500 ms)

AssetImportParameters requested are different than current active one (requested -> active):
  custom:video-decoder-ogg-theora: a1e56fd34408186e4bbccfd4996cb3dc -> 
  custom:container-muxer-webm: aa71ff27fc2769a1b78a27578f13a17b -> 
  custom:container-demuxer-webm: 4f35f7cbe854078d1ac9338744f61a02 -> 
  custom:video-encoder-webm-vp8: eb34c28f22e8b96e1ab97ce403110664 -> 
  custom:audio-encoder-webm-vorbis: bf7c407c2cedff20999df2af8eb42d56 -> 
  custom:framework-win-MediaFoundation: 216162199b28c13a410421893ffa2e32 -> 
  custom:container-demuxer-ogg: 62fdf1f143b41e24485cea50d1cbac27 -> 
  custom:video-decoder-webm-vp8: 9c59270c3fd7afecdb556c50c9e8de78 -> 
  custom:audio-decoder-ogg-vorbis: bf7c407c2cedff20999df2af8eb42d56 -> 
========================================================================
Received Import Request.
  Time since last request: 7485.861755 seconds.
  path: Assets/Palmov Island/Low Poly Environment Park/Models/Stones
  artifactKey: Guid(0f7e2c1638ee2f44dad563e8f0ec03e5) Importer(815301076,1909f56bfc062723c751e8b465ee728b)
Start importing Assets/Palmov Island/Low Poly Environment Park/Models/Stones using Guid(0f7e2c1638ee2f44dad563e8f0ec03e5) Importer(815301076,1909f56bfc062723c751e8b465ee728b)  -> (artifact id: '60bd1f47b4676e2aeb2d9c7a428efb45') in 0.006412 seconds 
========================================================================
Received Import Request.
  Time since last request: 0.079283 seconds.
  path: Assets/Palmov Island/Low Poly Environment Park/Models/Stones/stone 1.fbx
  artifactKey: Guid(74dc3d90440e28245ae2fcadaa81b8a3) Importer(815301076,1909f56bfc062723c751e8b465ee728b)
Start importing Assets/Palmov Island/Low Poly Environment Park/Models/Stones/stone 1.fbx using Guid(74dc3d90440e28245ae2fcadaa81b8a3) Importer(815301076,1909f56bfc062723c751e8b465ee728b)  -> (artifact id: '37fc97601235394d55beb004d17d3593') in 0.120073 seconds 
========================================================================
Received Import Request.
  Time since last request: 31.132901 seconds.
  path: Assets/Palmov Island/Low Poly Environment Park/Models/Trees
  artifactKey: Guid(bbe2d4484a699c04682506c0c3da5999) Importer(815301076,1909f56bfc062723c751e8b465ee728b)
Start importing Assets/Palmov Island/Low Poly Environment Park/Models/Trees using Guid(bbe2d4484a699c04682506c0c3da5999) Importer(815301076,1909f56bfc062723c751e8b465ee728b)  -> (artifact id: '2b60eccaecfdccdad04b756143258f61') in 0.001553 seconds 
========================================================================
Received Import Request.
  Time since last request: 0.057855 seconds.
  path: Assets/Palmov Island/Low Poly Environment Park/Models/Trees/birch tree.fbx
  artifactKey: Guid(a9aed04247f22704d9a0d33686def64f) Importer(815301076,1909f56bfc062723c751e8b465ee728b)
Start importing Assets/Palmov Island/Low Poly Environment Park/Models/Trees/birch tree.fbx using Guid(a9aed04247f22704d9a0d33686def64f) Importer(815301076,1909f56bfc062723c751e8b465ee728b)  -> (artifact id: '5a853d460df261680fe6c91cf239fb12') in 0.010742 seconds 
========================================================================
Received Import Request.
  Time since last request: 0.000020 seconds.
  path: Assets/Palmov Island/Low Poly Environment Park/Models/Trees/tree oak.fbx
  artifactKey: Guid(b35ec297e0aa7ef498cb060427a62e12) Importer(815301076,1909f56bfc062723c751e8b465ee728b)
Start importing Assets/Palmov Island/Low Poly Environment Park/Models/Trees/tree oak.fbx using Guid(b35ec297e0aa7ef498cb060427a62e12) Importer(815301076,1909f56bfc062723c751e8b465ee728b)  -> (artifact id: '897394f1489065dd84df07d066216f48') in 0.011069 seconds 
========================================================================
Received Import Request.
  Time since last request: 0.000013 seconds.
  path: Assets/Palmov Island/Low Poly Environment Park/Models/Trees/tall palm tree.fbx
  artifactKey: Guid(3f3a78e33d1f8ed4eb31f6c67d12ed76) Importer(815301076,1909f56bfc062723c751e8b465ee728b)
Start importing Assets/Palmov Island/Low Poly Environment Park/Models/Trees/tall palm tree.fbx using Guid(3f3a78e33d1f8ed4eb31f6c67d12ed76) Importer(815301076,1909f56bfc062723c751e8b465ee728b)  -> (artifact id: 'f1622d9016c95dfc3f4697393a6504f9') in 0.019475 seconds 
========================================================================
Received Import Request.
  Time since last request: 0.000015 seconds.
  path: Assets/Palmov Island/Low Poly Environment Park/Models/Trees/spherical tree.fbx
  artifactKey: Guid(4525472cbde143643bf81ab9935ad1bd) Importer(815301076,1909f56bfc062723c751e8b465ee728b)
Start importing Assets/Palmov Island/Low Poly Environment Park/Models/Trees/spherical tree.fbx using Guid(4525472cbde143643bf81ab9935ad1bd) Importer(815301076,1909f56bfc062723c751e8b465ee728b)  -> (artifact id: '58ed9aa97003f0200b82e7de4a82aa7b') in 0.010737 seconds 
========================================================================
Received Import Request.
  Time since last request: 0.000017 seconds.
  path: Assets/Palmov Island/Low Poly Environment Park/Models/Trees/sakura tree.fbx
  artifactKey: Guid(51e5bf6a6476be2438326a42e519cdc0) Importer(815301076,1909f56bfc062723c751e8b465ee728b)
Start importing Assets/Palmov Island/Low Poly Environment Park/Models/Trees/sakura tree.fbx using Guid(51e5bf6a6476be2438326a42e519cdc0) Importer(815301076,1909f56bfc062723c751e8b465ee728b)  -> (artifact id: '4e47b90a20c84c494ff68fdea56bc6b5') in 0.012081 seconds 
========================================================================
Received Import Request.
  Time since last request: 0.000026 seconds.
  path: Assets/Palmov Island/Low Poly Environment Park/Models/Trees/japanese deciduous tree.fbx
  artifactKey: Guid(98b6f40612be1ed428692ea226916db8) Importer(815301076,1909f56bfc062723c751e8b465ee728b)
Start importing Assets/Palmov Island/Low Poly Environment Park/Models/Trees/japanese deciduous tree.fbx using Guid(98b6f40612be1ed428692ea226916db8) Importer(815301076,1909f56bfc062723c751e8b465ee728b)  -> (artifact id: '7ff924e216c3598e18544b9ff77c16da') in 0.011896 seconds 
========================================================================
Received Import Request.
  Time since last request: 0.000017 seconds.
  path: Assets/Palmov Island/Low Poly Environment Park/Models/Trees/fir tree 1.fbx
  artifactKey: Guid(c92f6dad3c768c244ac38e1040488cd3) Importer(815301076,1909f56bfc062723c751e8b465ee728b)
Start importing Assets/Palmov Island/Low Poly Environment Park/Models/Trees/fir tree 1.fbx using Guid(c92f6dad3c768c244ac38e1040488cd3) Importer(815301076,1909f56bfc062723c751e8b465ee728b)  -> (artifact id: 'd8a081134d0b93b7ed0d90ac4e0dea4c') in 0.010139 seconds 
========================================================================
Received Import Request.
  Time since last request: 0.000027 seconds.
  path: Assets/Palmov Island/Low Poly Environment Park/Models/Trees/tree round foliage.fbx
  artifactKey: Guid(a3270467eb28a9844b22855aea1d3ae3) Importer(815301076,1909f56bfc062723c751e8b465ee728b)
Start importing Assets/Palmov Island/Low Poly Environment Park/Models/Trees/tree round foliage.fbx using Guid(a3270467eb28a9844b22855aea1d3ae3) Importer(815301076,1909f56bfc062723c751e8b465ee728b)  -> (artifact id: '74e62e893619ef961f2c3b94941911b0') in 0.012121 seconds 
========================================================================
Received Import Request.
  Time since last request: 0.000025 seconds.
  path: Assets/Palmov Island/Low Poly Environment Park/Models/Trees/tree swing.fbx
  artifactKey: Guid(b2f2da6f776cbcd4e861abcf56e62b1b) Importer(815301076,1909f56bfc062723c751e8b465ee728b)
Start importing Assets/Palmov Island/Low Poly Environment Park/Models/Trees/tree swing.fbx using Guid(b2f2da6f776cbcd4e861abcf56e62b1b) Importer(815301076,1909f56bfc062723c751e8b465ee728b)  -> (artifact id: '34fadc69899b46dd4ba889f3acac30a8') in 0.011565 seconds 
========================================================================
Received Import Request.
  Time since last request: 58.508870 seconds.
  path: Assets/Palmov Island
  artifactKey: Guid(c65af500465d90a45b568a9383499afd) Importer(815301076,1909f56bfc062723c751e8b465ee728b)
Start importing Assets/Palmov Island using Guid(c65af500465d90a45b568a9383499afd) Importer(815301076,1909f56bfc062723c751e8b465ee728b)  -> (artifact id: '75fa948823b56efb4cefc81936eaa7bd') in 0.001744 seconds 
========================================================================
Received Import Request.
  Time since last request: 1.438715 seconds.
  path: Assets/Monqo Flower Ceramic Vases
  artifactKey: Guid(6b91dd41c4d70114b869dfb3069592dc) Importer(815301076,1909f56bfc062723c751e8b465ee728b)
Start importing Assets/Monqo Flower Ceramic Vases using Guid(6b91dd41c4d70114b869dfb3069592dc) Importer(815301076,1909f56bfc062723c751e8b465ee728b)  -> (artifact id: 'b1ccc9a6efc67c5db535d365ec40a8be') in 0.001348 seconds 
========================================================================
Received Import Request.
  Time since last request: 0.970129 seconds.
  path: Assets/Monqo Flower Ceramic Vases/Materials
  artifactKey: Guid(8a03adee94e617f408a0a43e7d15346e) Importer(815301076,1909f56bfc062723c751e8b465ee728b)
Start importing Assets/Monqo Flower Ceramic Vases/Materials using Guid(8a03adee94e617f408a0a43e7d15346e) Importer(815301076,1909f56bfc062723c751e8b465ee728b)  -> (artifact id: '07494c5e28391b9d8882b1549aa3a7da') in 0.001334 seconds 
========================================================================
Received Import Request.
  Time since last request: 0.105954 seconds.
  path: Assets/Monqo Flower Ceramic Vases/Materials/Material_Vase.mat
  artifactKey: Guid(24bc799cc2797514499035728235055e) Importer(815301076,1909f56bfc062723c751e8b465ee728b)
Start importing Assets/Monqo Flower Ceramic Vases/Materials/Material_Vase.mat using Guid(24bc799cc2797514499035728235055e) Importer(815301076,1909f56bfc062723c751e8b465ee728b)  -> (artifact id: '346afaa94fc7ffee6b60d0277d44cd0a') in 0.313565 seconds 
========================================================================
Received Import Request.
  Time since last request: 0.901176 seconds.
  path: Assets/Monqo Flower Ceramic Vases/Models
  artifactKey: Guid(e1769eeddfcb1964b9970d86a32fe9fe) Importer(815301076,1909f56bfc062723c751e8b465ee728b)
Start importing Assets/Monqo Flower Ceramic Vases/Models using Guid(e1769eeddfcb1964b9970d86a32fe9fe) Importer(815301076,1909f56bfc062723c751e8b465ee728b)  -> (artifact id: 'cbb38d53faceae52e463d213b9ac4517') in 0.001291 seconds 
========================================================================
Received Import Request.
  Time since last request: 0.084761 seconds.
  path: Assets/Monqo Flower Ceramic Vases/Models/Vase.fbx
  artifactKey: Guid(135e668954aa8434399b52e0a1d510d7) Importer(815301076,1909f56bfc062723c751e8b465ee728b)
Start importing Assets/Monqo Flower Ceramic Vases/Models/Vase.fbx using Guid(135e668954aa8434399b52e0a1d510d7) Importer(815301076,1909f56bfc062723c751e8b465ee728b)  -> (artifact id: '00ac9880693dfb0ba9e7b4a45c8b7808') in 0.032842 seconds 
========================================================================
Received Import Request.
  Time since last request: 14.048750 seconds.
  path: Assets/Palmov Island/Low Poly Environment Park/Prefabs/Park grounds
  artifactKey: Guid(db6fb602ce1b6f343b85e85f767fa282) Importer(815301076,1909f56bfc062723c751e8b465ee728b)
Start importing Assets/Palmov Island/Low Poly Environment Park/Prefabs/Park grounds using Guid(db6fb602ce1b6f343b85e85f767fa282) Importer(815301076,1909f56bfc062723c751e8b465ee728b)  -> (artifact id: '806914c7eb6649f020e6dc7384a8411e') in 0.001613 seconds 
========================================================================
Received Import Request.
  Time since last request: 0.483868 seconds.
  path: Assets/Palmov Island/Low Poly Environment Park/Prefabs/Stones
  artifactKey: Guid(1a29abd0e150bbd49b03ccd2d4dd93d6) Importer(815301076,1909f56bfc062723c751e8b465ee728b)
Start importing Assets/Palmov Island/Low Poly Environment Park/Prefabs/Stones using Guid(1a29abd0e150bbd49b03ccd2d4dd93d6) Importer(815301076,1909f56bfc062723c751e8b465ee728b)  -> (artifact id: '4ca4d751c5af1dd8fe9d8f79ab679a91') in 0.001453 seconds 
========================================================================
Received Import Request.
  Time since last request: 0.343159 seconds.
  path: Assets/Palmov Island/Low Poly Environment Park/Prefabs/Grass
  artifactKey: Guid(cdfd1851af427c64b984c1dcf94ec3c4) Importer(815301076,1909f56bfc062723c751e8b465ee728b)
Start importing Assets/Palmov Island/Low Poly Environment Park/Prefabs/Grass using Guid(cdfd1851af427c64b984c1dcf94ec3c4) Importer(815301076,1909f56bfc062723c751e8b465ee728b)  -> (artifact id: '9950d820696a2bf400a2cb81c619c281') in 0.001204 seconds 
========================================================================
Received Import Request.
  Time since last request: 0.082411 seconds.
  path: Assets/Palmov Island/Low Poly Environment Park/Prefabs/Grass/grass 1.prefab
  artifactKey: Guid(d9c6727f3721c5a4086ad394d37bb744) Importer(815301076,1909f56bfc062723c751e8b465ee728b)
Start importing Assets/Palmov Island/Low Poly Environment Park/Prefabs/Grass/grass 1.prefab using Guid(d9c6727f3721c5a4086ad394d37bb744) Importer(815301076,1909f56bfc062723c751e8b465ee728b)  -> (artifact id: 'be5cef7a238672b1d1052f4f479026dc') in 0.008531 seconds 
========================================================================
Received Import Request.
  Time since last request: 0.000016 seconds.
  path: Assets/Palmov Island/Low Poly Environment Park/Prefabs/Grass/grass 4.prefab
  artifactKey: Guid(f0e640d23a5c7c24e8c0100f0a558da4) Importer(815301076,1909f56bfc062723c751e8b465ee728b)
Start importing Assets/Palmov Island/Low Poly Environment Park/Prefabs/Grass/grass 4.prefab using Guid(f0e640d23a5c7c24e8c0100f0a558da4) Importer(815301076,1909f56bfc062723c751e8b465ee728b)  -> (artifact id: '7cd0092a1873fbb4fd19b0339b0a6fd3') in 0.006972 seconds 
